0 info it worked if it ends with ok
1 verbose cli [ 'C:\\Program Files\\nodejs\\node.exe',
1 verbose cli   'C:\\Program Files\\nodejs\\node_modules\\npm\\bin\\npm-cli.js',
1 verbose cli   'run',
1 verbose cli   'start' ]
2 info using npm@3.10.10
3 info using node@v6.10.2
4 verbose run-script [ 'prestart', 'start', 'poststart' ]
5 info lifecycle BIG_SmartHome@1.0.0~prestart: BIG_SmartHome@1.0.0
6 silly lifecycle BIG_SmartHome@1.0.0~prestart: no script for prestart, continuing
7 info lifecycle BIG_SmartHome@1.0.0~start: BIG_SmartHome@1.0.0
8 verbose lifecycle BIG_SmartHome@1.0.0~start: unsafe-perm in lifecycle true
9 verbose lifecycle BIG_SmartHome@1.0.0~start: PATH: C:\Program Files\nodejs\node_modules\npm\bin\node-gyp-bin;C:\Users\Samuel\Dropbox\TU Wien\2017_SS\Web Engineering\Übung2\webue2\lab2\node_modules\.bin;%JAVA_HOME%\bin;C:\Program Files\Common Files\Microsoft Shared\Windows Live;C:\Program Files (x86)\Common Files\Microsoft Shared\Windows Live;C:\ProgramData\Oracle\Java\javapath;C:\Windows\system32;C:\Windows;C:\Windows\System32\Wbem;C:\Program Files\Lenovo\Fingerprint Manager Pro\;C:\Program Files\Intel\WiFi\bin\;C:\Program Files\Common Files\Intel\WirelessCommon\;C:\Users\Samuel\Downloads\TU-xmllint-win32\bin;C:\Program Files (x86)\Apache Ant\bin;C:\Program Files (x86)\Windows Live\Shared;C:\Program Files\Git\cmd;C:\Program Files\nodejs\;C:\Program Files\Intel\WiFi\bin\;C:\Program Files\Common Files\Intel\WirelessCommon\;C:\Program Files\MiKTeX 2.9\miktex\bin\;C:\Users\Samuel\AppData\Local\atom\bin;C:\Users\Samuel\AppData\Roaming\npm
10 verbose lifecycle BIG_SmartHome@1.0.0~start: CWD: C:\Users\Samuel\Dropbox\TU Wien\2017_SS\Web Engineering\Übung2\webue2\lab2
11 silly lifecycle BIG_SmartHome@1.0.0~start: Args: [ '/d /s /c', 'tsc && concurrently "tsc -w" "lite-server" ' ]
12 silly lifecycle BIG_SmartHome@1.0.0~start: Returned: code: 1  signal: null
13 info lifecycle BIG_SmartHome@1.0.0~start: Failed to exec start script
14 verbose stack Error: BIG_SmartHome@1.0.0 start: `tsc && concurrently "tsc -w" "lite-server" `
14 verbose stack Exit status 1
14 verbose stack     at EventEmitter.<anonymous> (C:\Program Files\nodejs\node_modules\npm\lib\utils\lifecycle.js:255:16)
14 verbose stack     at emitTwo (events.js:106:13)
14 verbose stack     at EventEmitter.emit (events.js:191:7)
14 verbose stack     at ChildProcess.<anonymous> (C:\Program Files\nodejs\node_modules\npm\lib\utils\spawn.js:40:14)
14 verbose stack     at emitTwo (events.js:106:13)
14 verbose stack     at ChildProcess.emit (events.js:191:7)
14 verbose stack     at maybeClose (internal/child_process.js:886:16)
14 verbose stack     at Process.ChildProcess._handle.onexit (internal/child_process.js:226:5)
15 verbose pkgid BIG_SmartHome@1.0.0
16 verbose cwd C:\Users\Samuel\Dropbox\TU Wien\2017_SS\Web Engineering\Übung2\webue2\lab2
17 error Windows_NT 6.1.7601
18 error argv "C:\\Program Files\\nodejs\\node.exe" "C:\\Program Files\\nodejs\\node_modules\\npm\\bin\\npm-cli.js" "run" "start"
19 error node v6.10.2
20 error npm  v3.10.10
21 error code ELIFECYCLE
22 error BIG_SmartHome@1.0.0 start: `tsc && concurrently "tsc -w" "lite-server" `
22 error Exit status 1
23 error Failed at the BIG_SmartHome@1.0.0 start script 'tsc && concurrently "tsc -w" "lite-server" '.
23 error Make sure you have the latest version of node.js and npm installed.
23 error If you do, this is most likely a problem with the BIG_SmartHome package,
23 error not with npm itself.
23 error Tell the author that this fails on your system:
23 error     tsc && concurrently "tsc -w" "lite-server"
23 error You can get information on how to open an issue for this project with:
23 error     npm bugs BIG_SmartHome
23 error Or if that isn't available, you can get their info via:
23 error     npm owner ls BIG_SmartHome
23 error There is likely additional logging output above.
24 verbose exit [ 1, true ]
